2017-08-21T18:37:21.036+0800 I CONTROL  [initandlisten] MongoDB starting : pid=12528 port=27017 dbpath=./agenda-data 64-bit host=dell-xps
2017-08-21T18:37:21.038+0800 I CONTROL  [initandlisten] targetMinOS: Windows 7/Windows Server 2008 R2
2017-08-21T18:37:21.038+0800 I CONTROL  [initandlisten] db version v3.2.5
2017-08-21T18:37:21.038+0800 I CONTROL  [initandlisten] git version: 34e65e5383f7ea1726332cb175b73077ec4a1b02
2017-08-21T18:37:21.038+0800 I CONTROL  [initandlisten] OpenSSL version: OpenSSL 1.0.1p-fips 9 Jul 2015
2017-08-21T18:37:21.038+0800 I CONTROL  [initandlisten] allocator: tcmalloc
2017-08-21T18:37:21.038+0800 I CONTROL  [initandlisten] modules: none
2017-08-21T18:37:21.038+0800 I CONTROL  [initandlisten] build environment:
2017-08-21T18:37:21.039+0800 I CONTROL  [initandlisten]     distmod: 2008plus-ssl
2017-08-21T18:37:21.039+0800 I CONTROL  [initandlisten]     distarch: x86_64
2017-08-21T18:37:21.039+0800 I CONTROL  [initandlisten]     target_arch: x86_64
2017-08-21T18:37:21.039+0800 I CONTROL  [initandlisten] options: { config: "mongodb.cnf", storage: { dbPath: "./agenda-data" }, systemLog: { destination: "file", path: "./agenda-data/mongodb.log" } }
2017-08-21T18:37:21.041+0800 I STORAGE  [initandlisten] wiredtiger_open config: create,cache_size=4G,session_max=20000,eviction=(threads_max=4),config_base=false,statistics=(fast),log=(enabled=true,archive=true,path=journal,compressor=snappy),file_manager=(close_idle_time=100000),checkpoint=(wait=60,log_size=2GB),statistics_log=(wait=0),
2017-08-21T18:37:21.186+0800 I CONTROL  [initandlisten] 
2017-08-21T18:37:21.186+0800 I CONTROL  [initandlisten] ** WARNING: Insecure configuration, access control is not enabled and no --bind_ip has been specified.
2017-08-21T18:37:21.186+0800 I CONTROL  [initandlisten] **          Read and write access to data and configuration is unrestricted, 
2017-08-21T18:37:21.186+0800 I CONTROL  [initandlisten] **          and the server listens on all available network interfaces.
2017-08-21T18:37:21.186+0800 I CONTROL  [initandlisten] 
2017-08-21T18:37:21.188+0800 I NETWORK  [HostnameCanonicalizationWorker] Starting hostname canonicalization worker
2017-08-21T18:37:21.188+0800 I FTDC     [initandlisten] Initializing full-time diagnostic data capture with directory './agenda-data/diagnostic.data'
2017-08-21T18:37:21.216+0800 I NETWORK  [initandlisten] waiting for connections on port 27017
2017-08-21T18:45:30.430+0800 I NETWORK  [initandlisten] connection accepted from 127.0.0.1:55449 #1 (1 connection now open)
2017-08-21T18:45:30.494+0800 I INDEX    [conn1] build index on: agendaDb.agendaJobs properties: { v: 1, key: { name: 1, nextRunAt: 1, priority: -1, lockedAt: 1, disabled: 1 }, name: "findAndLockNextJobIndex", ns: "agendaDb.agendaJobs" }
2017-08-21T18:45:30.494+0800 I INDEX    [conn1] 	 building index using bulk method
2017-08-21T18:45:30.499+0800 I INDEX    [conn1] build index done.  scanned 0 total records. 0 secs
2017-08-21T18:45:30.508+0800 I NETWORK  [initandlisten] connection accepted from 127.0.0.1:55450 #2 (2 connections now open)
2017-08-21T18:45:30.525+0800 I INDEX    [conn1] build index on: agendaDb.agendaJobs properties: { v: 1, key: { nextRunAt: -1, lastRunAt: -1, lastFinishedAt: -1 }, name: "nextRunAt_-1_lastRunAt_-1_lastFinishedAt_-1", ns: "agendaDb.agendaJobs" }
2017-08-21T18:45:30.525+0800 I INDEX    [conn1] 	 building index using bulk method
2017-08-21T18:45:30.538+0800 I INDEX    [conn1] build index on: agendaDb.agendaJobs properties: { v: 1, key: { name: 1, nextRunAt: -1, lastRunAt: -1, lastFinishedAt: -1 }, name: "name_1_nextRunAt_-1_lastRunAt_-1_lastFinishedAt_-1", ns: "agendaDb.agendaJobs" }
2017-08-21T18:45:30.538+0800 I INDEX    [conn1] 	 building index using bulk method
2017-08-21T18:45:30.547+0800 I INDEX    [conn1] build index done.  scanned 0 total records. 0 secs
2017-08-21T18:48:22.667+0800 I CONTROL  [thread1] CTRL_CLOSE_EVENT signal
2017-08-21T18:48:22.667+0800 I CONTROL  [consoleTerminate] got CTRL_CLOSE_EVENT, will terminate after current cmd ends
2017-08-21T18:48:22.667+0800 I FTDC     [consoleTerminate] Shutting down full-time diagnostic data capture
2017-08-21T18:48:22.670+0800 I CONTROL  [consoleTerminate] now exiting
2017-08-21T18:48:22.670+0800 I NETWORK  [consoleTerminate] shutdown: going to close listening sockets...
2017-08-21T18:48:22.670+0800 I NETWORK  [consoleTerminate] closing listening socket: 592
2017-08-21T18:48:22.670+0800 I NETWORK  [consoleTerminate] shutdown: going to flush diaglog...
2017-08-21T18:48:22.670+0800 I NETWORK  [consoleTerminate] shutdown: going to close sockets...
2017-08-21T18:48:22.671+0800 I STORAGE  [consoleTerminate] WiredTigerKVEngine shutting down
2017-08-21T18:48:22.671+0800 I NETWORK  [conn1] end connection 127.0.0.1:55449 (1 connection now open)
2017-08-21T18:48:22.671+0800 I NETWORK  [conn2] end connection 127.0.0.1:55450 (1 connection now open)
2017-08-21T18:48:22.737+0800 I STORAGE  [consoleTerminate] shutdown: removing fs lock...
2017-08-21T18:48:22.737+0800 I CONTROL  [consoleTerminate] dbexit:  rc: 12
